<?xml version="1.0" encoding="UTF-8" ?>
<testsuite tests="120" failures="0" name="com.google.gson.stream.JsonReaderTest" time="0.026" errors="0" skipped="0">
  <properties>
    <property name="java.runtime.name" value="Java(TM) SE Runtime Environment"/>
    <property name="sun.boot.library.path" value="/Library/Java/JavaVirtualMachines/jdk1.8.0_60.jdk/Contents/Home/jre/lib"/>
    <property name="java.vm.version" value="25.60-b23"/>
    <property name="gopherProxySet" value="false"/>
    <property name="java.vm.vendor" value="Oracle Corporation"/>
    <property name="maven.multiModuleProjectDirectory" value="/Users/pooria/Documents/repos/Model-generator/src/gson-master"/>
    <property name="java.vendor.url" value="http://java.oracle.com/"/>
    <property name="path.separator" value=":"/>
    <property name="guice.disable.misplaced.annotation.check" value="true"/>
    <property name="java.vm.name" value="Java HotSpot(TM) 64-Bit Server VM"/>
    <property name="file.encoding.pkg" value="sun.io"/>
    <property name="user.country" value="US"/>
    <property name="sun.java.launcher" value="SUN_STANDARD"/>
    <property name="sun.os.patch.level" value="unknown"/>
    <property name="java.vm.specification.name" value="Java Virtual Machine Specification"/>
    <property name="user.dir" value="/Users/pooria/Documents/repos/Model-generator/src/gson-master"/>
    <property name="java.runtime.version" value="1.8.0_60-b27"/>
    <property name="java.awt.graphicsenv" value="sun.awt.CGraphicsEnvironment"/>
    <property name="java.endorsed.dirs" value="/Library/Java/JavaVirtualMachines/jdk1.8.0_60.jdk/Contents/Home/jre/lib/endorsed"/>
    <property name="os.arch" value="x86_64"/>
    <property name="java.io.tmpdir" value="/var/folders/f5/s1nzh6952gx5xjqgm27p73s00000gn/T/"/>
    <property name="line.separator" value="
"/>
    <property name="java.vm.specification.vendor" value="Oracle Corporation"/>
    <property name="os.name" value="Mac OS X"/>
    <property name="classworlds.conf" value="/Users/pooria/maven/apache-maven-3.3.9/bin/m2.conf"/>
    <property name="sun.jnu.encoding" value="UTF-8"/>
    <property name="java.library.path" value="/Users/pooria/Library/Java/Extensions:/Library/Java/Extensions:/Network/Library/Java/Extensions:/System/Library/Java/Extensions:/usr/lib/java:."/>
    <property name="java.specification.name" value="Java Platform API Specification"/>
    <property name="java.class.version" value="52.0"/>
    <property name="sun.management.compiler" value="HotSpot 64-Bit Tiered Compilers"/>
    <property name="os.version" value="10.15.4"/>
    <property name="http.nonProxyHosts" value="local|*.local|169.254/16|*.169.254/16"/>
    <property name="user.home" value="/Users/pooria"/>
    <property name="user.timezone" value="Europe/Amsterdam"/>
    <property name="java.awt.printerjob" value="sun.lwawt.macosx.CPrinterJob"/>
    <property name="java.specification.version" value="1.8"/>
    <property name="file.encoding" value="UTF-8"/>
    <property name="user.name" value="pooria"/>
    <property name="java.class.path" value="/Users/pooria/maven/apache-maven-3.3.9/boot/plexus-classworlds-2.5.2.jar"/>
    <property name="java.vm.specification.version" value="1.8"/>
    <property name="sun.arch.data.model" value="64"/>
    <property name="java.home" value="/Library/Java/JavaVirtualMachines/jdk1.8.0_60.jdk/Contents/Home/jre"/>
    <property name="sun.java.command" value="org.codehaus.plexus.classworlds.launcher.Launcher -f gson test"/>
    <property name="java.specification.vendor" value="Oracle Corporation"/>
    <property name="user.language" value="en"/>
    <property name="awt.toolkit" value="sun.lwawt.macosx.LWCToolkit"/>
    <property name="java.vm.info" value="mixed mode"/>
    <property name="java.version" value="1.8.0_60"/>
    <property name="java.ext.dirs" value="/Users/pooria/Library/Java/Extensions:/Library/Java/JavaVirtualMachines/jdk1.8.0_60.jdk/Contents/Home/jre/lib/ext:/Library/Java/Extensions:/Network/Library/Java/Extensions:/System/Library/Java/Extensions:/usr/lib/java"/>
    <property name="sun.boot.class.path" value="/Library/Java/JavaVirtualMachines/jdk1.8.0_60.jdk/Contents/Home/jre/lib/resources.jar:/Library/Java/JavaVirtualMachines/jdk1.8.0_60.jdk/Contents/Home/jre/lib/rt.jar:/Library/Java/JavaVirtualMachines/jdk1.8.0_60.jdk/Contents/Home/jre/lib/sunrsasign.jar:/Library/Java/JavaVirtualMachines/jdk1.8.0_60.jdk/Contents/Home/jre/lib/jsse.jar:/Library/Java/JavaVirtualMachines/jdk1.8.0_60.jdk/Contents/Home/jre/lib/jce.jar:/Library/Java/JavaVirtualMachines/jdk1.8.0_60.jdk/Contents/Home/jre/lib/charsets.jar:/Library/Java/JavaVirtualMachines/jdk1.8.0_60.jdk/Contents/Home/jre/lib/jfr.jar:/Library/Java/JavaVirtualMachines/jdk1.8.0_60.jdk/Contents/Home/jre/classes"/>
    <property name="java.vendor" value="Oracle Corporation"/>
    <property name="maven.home" value="/Users/pooria/maven/apache-maven-3.3.9"/>
    <property name="file.separator" value="/"/>
    <property name="java.vendor.url.bug" value="http://bugreport.sun.com/bugreport/"/>
    <property name="sun.cpu.endian" value="little"/>
    <property name="sun.io.unicode.encoding" value="UnicodeBig"/>
    <property name="socksNonProxyHosts" value="local|*.local|169.254/16|*.169.254/16"/>
    <property name="ftp.nonProxyHosts" value="local|*.local|169.254/16|*.169.254/16"/>
    <property name="sun.cpu.isalist" value=""/>
  </properties>
  <testcase classname="com.google.gson.stream.JsonReaderTest" name="testIntegerMismatchFailuresDoNotAdvance" time="0"/>
  <testcase classname="com.google.gson.stream.JsonReaderTest" name="testTopLevelValueTypeWithSkipValue" time="0"/>
  <testcase classname="com.google.gson.stream.JsonReaderTest" name="testVeryLongUnquotedLiteral" time="0.001"/>
  <testcase classname="com.google.gson.stream.JsonReaderTest" name="testStrictCommentsWithSkipValue" time="0"/>
  <testcase classname="com.google.gson.stream.JsonReaderTest" name="testStrictVeryLongNumber" time="0"/>
  <testcase classname="com.google.gson.stream.JsonReaderTest" name="testStrictMultipleTopLevelValues" time="0"/>
  <testcase classname="com.google.gson.stream.JsonReaderTest" name="testUnescapingTruncatedSequence" time="0"/>
  <testcase classname="com.google.gson.stream.JsonReaderTest" name="testLenientMultipleTopLevelValues" time="0"/>
  <testcase classname="com.google.gson.stream.JsonReaderTest" name="testStrictSemicolonDelimitedNameValuePairWithSkipValue" time="0"/>
  <testcase classname="com.google.gson.stream.JsonReaderTest" name="testSkipVeryLongUnquotedString" time="0.001"/>
  <testcase classname="com.google.gson.stream.JsonReaderTest" name="testLenientSingleQuotedStrings" time="0"/>
  <testcase classname="com.google.gson.stream.JsonReaderTest" name="testBooleans" time="0"/>
  <testcase classname="com.google.gson.stream.JsonReaderTest" name="testSkipArray" time="0"/>
  <testcase classname="com.google.gson.stream.JsonReaderTest" name="testBomIgnoredAsFirstCharacterOfDocument" time="0"/>
  <testcase classname="com.google.gson.stream.JsonReaderTest" name="testUnterminatedStringFailure" time="0.001"/>
  <testcase classname="com.google.gson.stream.JsonReaderTest" name="testDeeplyNestedArrays" time="0"/>
  <testcase classname="com.google.gson.stream.JsonReaderTest" name="testBomForbiddenAsOtherCharacterInDocument" time="0"/>
  <testcase classname="com.google.gson.stream.JsonReaderTest" name="testReadEmptyArray" time="0"/>
  <testcase classname="com.google.gson.stream.JsonReaderTest" name="testStrictNonFiniteDoublesWithSkipValue" time="0"/>
  <testcase classname="com.google.gson.stream.JsonReaderTest" name="testReadObject" time="0"/>
  <testcase classname="com.google.gson.stream.JsonReaderTest" name="testPrematureEndOfInput" time="0"/>
  <testcase classname="com.google.gson.stream.JsonReaderTest" name="testNullLiteralIsNotAString" time="0"/>
  <testcase classname="com.google.gson.stream.JsonReaderTest" name="testLongs" time="0"/>
  <testcase classname="com.google.gson.stream.JsonReaderTest" name="testNulls" time="0"/>
  <testcase classname="com.google.gson.stream.JsonReaderTest" name="testPeekingUnquotedStringsPrefixedWithBooleans" time="0.001"/>
  <testcase classname="com.google.gson.stream.JsonReaderTest" name="testMixedCaseLiterals" time="0"/>
  <testcase classname="com.google.gson.stream.JsonReaderTest" name="testLenientNonExecutePrefixWithLeadingWhitespace" time="0"/>
  <testcase classname="com.google.gson.stream.JsonReaderTest" name="testLongLargerThanMaxLongThatWrapsAround" time="0"/>
  <testcase classname="com.google.gson.stream.JsonReaderTest" name="testFailWithPosition" time="0"/>
  <testcase classname="com.google.gson.stream.JsonReaderTest" name="testStrictUnquotedStringsWithSkipValue" time="0"/>
  <testcase classname="com.google.gson.stream.JsonReaderTest" name="testStrictNameValueSeparatorWithSkipValue" time="0"/>
  <testcase classname="com.google.gson.stream.JsonReaderTest" name="testStrictMultipleTopLevelValuesWithSkipValue" time="0"/>
  <testcase classname="com.google.gson.stream.JsonReaderTest" name="testLenientSemicolonDelimitedArray" time="0"/>
  <testcase classname="com.google.gson.stream.JsonReaderTest" name="testSkipDouble" time="0"/>
  <testcase classname="com.google.gson.stream.JsonReaderTest" name="testLenientUnquotedNames" time="0.001"/>
  <testcase classname="com.google.gson.stream.JsonReaderTest" name="testMalformedNumbers" time="0"/>
  <testcase classname="com.google.gson.stream.JsonReaderTest" name="testLenientSingleQuotedNames" time="0"/>
  <testcase classname="com.google.gson.stream.JsonReaderTest" name="testSkipObject" time="0"/>
  <testcase classname="com.google.gson.stream.JsonReaderTest" name="testLenientExtraCommasInMaps" time="0"/>
  <testcase classname="com.google.gson.stream.JsonReaderTest" name="testTopLevelValueTypes" time="0"/>
  <testcase classname="com.google.gson.stream.JsonReaderTest" name="testPeekLongMinValue" time="0"/>
  <testcase classname="com.google.gson.stream.JsonReaderTest" name="testStringWithLeadingSlash" time="0"/>
  <testcase classname="com.google.gson.stream.JsonReaderTest" name="testUnescapingInvalidCharacters" time="0.001"/>
  <testcase classname="com.google.gson.stream.JsonReaderTest" name="testPeekMuchLargerThanLongMinValue" time="0"/>
  <testcase classname="com.google.gson.stream.JsonReaderTest" name="testStringNullIsNotNull" time="0"/>
  <testcase classname="com.google.gson.stream.JsonReaderTest" name="testCommentsInStringValue" time="0"/>
  <testcase classname="com.google.gson.stream.JsonReaderTest" name="testStringAsNumberWithDigitAndNonDigitExponent" time="0.001"/>
  <testcase classname="com.google.gson.stream.JsonReaderTest" name="testSkipObjectAfterPeek" time="0"/>
  <testcase classname="com.google.gson.stream.JsonReaderTest" name="testEmptyStringName" time="0"/>
  <testcase classname="com.google.gson.stream.JsonReaderTest" name="testReadArray" time="0"/>
  <testcase classname="com.google.gson.stream.JsonReaderTest" name="testFailWithPositionOverUnquotedString" time="0"/>
  <testcase classname="com.google.gson.stream.JsonReaderTest" name="testLenientPartialNonExecutePrefix" time="0.001"/>
  <testcase classname="com.google.gson.stream.JsonReaderTest" name="testFailWithPositionOverSlashSlashEndOfLineComment" time="0"/>
  <testcase classname="com.google.gson.stream.JsonReaderTest" name="testStringAsNumberWithNonDigitExponent" time="0"/>
  <testcase classname="com.google.gson.stream.JsonReaderTest" name="testStrictUnnecessaryArraySeparatorsWithSkipValue" time="0.001"/>
  <testcase classname="com.google.gson.stream.JsonReaderTest" name="testStringAsNumberWithTruncatedExponent" time="0"/>
  <testcase classname="com.google.gson.stream.JsonReaderTest" name="testSkipInteger" time="0"/>
  <testcase classname="com.google.gson.stream.JsonReaderTest" name="testStrictSemicolonDelimitedArrayWithSkipValue" time="0.001"/>
  <testcase classname="com.google.gson.stream.JsonReaderTest" name="testFailWithPositionGreaterThanBufferSize" time="0"/>
  <testcase classname="com.google.gson.stream.JsonReaderTest" name="testSkipTopLevelQuotedString" time="0"/>
  <testcase classname="com.google.gson.stream.JsonReaderTest" name="testMissingValue" time="0"/>
  <testcase classname="com.google.gson.stream.JsonReaderTest" name="testUnterminatedObject" time="0"/>
  <testcase classname="com.google.gson.stream.JsonReaderTest" name="testVeryLongQuotedString" time="0.001"/>
  <testcase classname="com.google.gson.stream.JsonReaderTest" name="testFailWithPositionDeepPath" time="0"/>
  <testcase classname="com.google.gson.stream.JsonReaderTest" name="testStrictSingleQuotedNames" time="0.001"/>
  <testcase classname="com.google.gson.stream.JsonReaderTest" name="testLenientUnquotedStrings" time="0"/>
  <testcase classname="com.google.gson.stream.JsonReaderTest" name="testStrictSingleQuotedNamesWithSkipValue" time="0"/>
  <testcase classname="com.google.gson.stream.JsonReaderTest" name="testStrictUnnecessaryArraySeparators" time="0"/>
  <testcase classname="com.google.gson.stream.JsonReaderTest" name="testVeryLongUnquotedString" time="0.001"/>
  <testcase classname="com.google.gson.stream.JsonReaderTest" name="testStrictExtraCommasInMaps" time="0.001"/>
  <testcase classname="com.google.gson.stream.JsonReaderTest" name="testSkipArrayAfterPeek" time="0"/>
  <testcase classname="com.google.gson.stream.JsonReaderTest" name="testDeeplyNestedObjects" time="0"/>
  <testcase classname="com.google.gson.stream.JsonReaderTest" name="testLenientNonExecutePrefix" time="0"/>
  <testcase classname="com.google.gson.stream.JsonReaderTest" name="testLenientUnnecessaryArraySeparators" time="0.001"/>
  <testcase classname="com.google.gson.stream.JsonReaderTest" name="testCharacterUnescaping" time="0"/>
  <testcase classname="com.google.gson.stream.JsonReaderTest" name="testNextFailuresDoNotAdvance" time="0"/>
  <testcase classname="com.google.gson.stream.JsonReaderTest" name="testLongLargerThanMinLongThatWrapsAround" time="0"/>
  <testcase classname="com.google.gson.stream.JsonReaderTest" name="testReadEmptyObject" time="0"/>
  <testcase classname="com.google.gson.stream.JsonReaderTest" name="testMalformedDocuments" time="0.001"/>
  <testcase classname="com.google.gson.stream.JsonReaderTest" name="testUnescapingTruncatedCharacters" time="0.001"/>
  <testcase classname="com.google.gson.stream.JsonReaderTest" name="testLenientSemicolonDelimitedNameValuePair" time="0"/>
  <testcase classname="com.google.gson.stream.JsonReaderTest" name="testSkipTopLevelObject" time="0"/>
  <testcase classname="com.google.gson.stream.JsonReaderTest" name="testEmptyString" time="0"/>
  <testcase classname="com.google.gson.stream.JsonReaderTest" name="testStrictSemicolonDelimitedArray" time="0"/>
  <testcase classname="com.google.gson.stream.JsonReaderTest" name="testStrictSemicolonDelimitedNameValuePair" time="0.001"/>
  <testcase classname="com.google.gson.stream.JsonReaderTest" name="testStrictSingleQuotedStringsWithSkipValue" time="0"/>
  <testcase classname="com.google.gson.stream.JsonReaderTest" name="testDocumentWithCommentEndingInSlash" time="0"/>
  <testcase classname="com.google.gson.stream.JsonReaderTest" name="testIntegersWithFractionalPartSpecified" time="0"/>
  <testcase classname="com.google.gson.stream.JsonReaderTest" name="testStrictNonExecutePrefixWithSkipValue" time="0.001"/>
  <testcase classname="com.google.gson.stream.JsonReaderTest" name="testLenientNonFiniteDoubles" time="0"/>
  <testcase classname="com.google.gson.stream.JsonReaderTest" name="testStrictUnquotedStrings" time="0"/>
  <testcase classname="com.google.gson.stream.JsonReaderTest" name="testFailWithEscapedNewlineCharacter" time="0"/>
  <testcase classname="com.google.gson.stream.JsonReaderTest" name="testSkipVeryLongQuotedString" time="0.001"/>
  <testcase classname="com.google.gson.stream.JsonReaderTest" name="testLenientVeryLongNumber" time="0.002"/>
  <testcase classname="com.google.gson.stream.JsonReaderTest" name="testPeekLongMaxValue" time="0"/>
  <testcase classname="com.google.gson.stream.JsonReaderTest" name="testStrictComments" time="0.001"/>
  <testcase classname="com.google.gson.stream.JsonReaderTest" name="testStringEndingInSlash" time="0"/>
  <testcase classname="com.google.gson.stream.JsonReaderTest" name="testStrictUnquotedNamesWithSkipValue" time="0"/>
  <testcase classname="com.google.gson.stream.JsonReaderTest" name="testQuotedNumberWithEscape" time="0"/>
  <testcase classname="com.google.gson.stream.JsonReaderTest" name="testPrematurelyClosed" time="0"/>
  <testcase classname="com.google.gson.stream.JsonReaderTest" name="testSkipTopLevelUnquotedString" time="0"/>
  <testcase classname="com.google.gson.stream.JsonReaderTest" name="testStrictNonExecutePrefix" time="0"/>
  <testcase classname="com.google.gson.stream.JsonReaderTest" name="testInvalidJsonInput" time="0"/>
  <testcase classname="com.google.gson.stream.JsonReaderTest" name="testVeryLongUnterminatedString" time="0.001"/>
  <testcase classname="com.google.gson.stream.JsonReaderTest" name="testNegativeZero" time="0.001"/>
  <testcase classname="com.google.gson.stream.JsonReaderTest" name="testDoubles" time="0"/>
  <testcase classname="com.google.gson.stream.JsonReaderTest" name="testStrictNameValueSeparator" time="0"/>
  <testcase classname="com.google.gson.stream.JsonReaderTest" name="testFailWithPositionOverQuotedString" time="0"/>
  <testcase classname="com.google.gson.stream.JsonReaderTest" name="testStrictUnquotedNames" time="0.001"/>
  <testcase classname="com.google.gson.stream.JsonReaderTest" name="testLenientComments" time="0"/>
  <testcase classname="com.google.gson.stream.JsonReaderTest" name="testPeekingUnquotedStringsPrefixedWithIntegers" time="0"/>
  <testcase classname="com.google.gson.stream.JsonReaderTest" name="testFailWithPositionOverCStyleComment" time="0"/>
  <testcase classname="com.google.gson.stream.JsonReaderTest" name="testStrictSingleQuotedStrings" time="0"/>
  <testcase classname="com.google.gson.stream.JsonReaderTest" name="testFailWithPositionOverHashEndOfLineComment" time="0"/>
  <testcase classname="com.google.gson.stream.JsonReaderTest" name="testStrictQuotedNonFiniteDoubles" time="0"/>
  <testcase classname="com.google.gson.stream.JsonReaderTest" name="testLenientQuotedNonFiniteDoubles" time="0"/>
  <testcase classname="com.google.gson.stream.JsonReaderTest" name="testFailWithPositionIsOffsetByBom" time="0"/>
  <testcase classname="com.google.gson.stream.JsonReaderTest" name="testHelloWorld" time="0"/>
  <testcase classname="com.google.gson.stream.JsonReaderTest" name="testLenientNameValueSeparator" time="0"/>
  <testcase classname="com.google.gson.stream.JsonReaderTest" name="testStrictNonFiniteDoubles" time="0"/>
</testsuite>